<?xml version="1.0" encoding="UTF-8"?>
<!-- Generated by org.testng.reporters.JUnitReportReporter -->
<testsuite hostname="Laxmaiah-PC" failures="0" tests="2" name="maven_project.ReadingDataFromCommandLineTest" time="0.026" errors="0" timestamp="2022-05-09T16:26:40 IST" skipped="0">
  <testcase classname="maven_project.ReadingDataFromCommandLineTest" name="regressionTest" time="0.003"/>
  <system-out/>
  <testcase classname="maven_project.ReadingDataFromCommandLineTest" name="readingDataFromCommandLineTest" time="0.023"/>
  <system-out/>
</testsuite> <!-- maven_project.ReadingDataFromCommandLineTest -->
